Using pre-set license
Built from '2021.3/staging' branch; Version is '2021.3.16f1 (4016570cf34f) revision 4200023'; Using compiler version '192829333'; Build Type 'Release'
OS: 'Windows 10  (10.0.19044) 64bit Core' Language: 'ko' Physical Memory: 32698 MB
BatchMode: 1, IsHumanControllingUs: 0, StartBugReporterOnCrash: 0, Is64bit: 1, IsPro: 1

COMMAND LINE ARGUMENTS:
C:\Program Files\2021.3.16f1\Editor\Unity.exe
-adb2
-batchMode
-noUpm
-name
AssetImportWorker3
-projectPath
C:/Users/82108/Documents/GitHub/ClickerGameProject/ClickerGameProject
-logFile
Logs/AssetImportWorker3.log
-srvPort
53570
Successfully changed project path to: C:/Users/82108/Documents/GitHub/ClickerGameProject/ClickerGameProject
C:/Users/82108/Documents/GitHub/ClickerGameProject/ClickerGameProject
[UnityMemory] Configuration Parameters - Can be set up in boot.config
    "memorysetup-bucket-allocator-granularity=16"
    "memorysetup-bucket-allocator-bucket-count=8"
    "memorysetup-bucket-allocator-block-size=33554432"
    "memorysetup-bucket-allocator-block-count=8"
    "memorysetup-main-allocator-block-size=16777216"
    "memorysetup-thread-allocator-block-size=16777216"
    "memorysetup-gfx-main-allocator-block-size=16777216"
    "memorysetup-gfx-thread-allocator-block-size=16777216"
    "memorysetup-cache-allocator-block-size=4194304"
    "memorysetup-typetree-allocator-block-size=2097152"
    "memorysetup-profiler-bucket-allocator-granularity=16"
    "memorysetup-profiler-bucket-allocator-bucket-count=8"
    "memorysetup-profiler-bucket-allocator-block-size=33554432"
    "memorysetup-profiler-bucket-allocator-block-count=8"
    "memorysetup-profiler-allocator-block-size=16777216"
    "memorysetup-profiler-editor-allocator-block-size=1048576"
    "memorysetup-temp-allocator-size-main=16777216"
    "memorysetup-job-temp-allocator-block-size=2097152"
    "memorysetup-job-temp-allocator-block-size-background=1048576"
    "memorysetup-job-temp-allocator-reduction-small-platforms=262144"
    "memorysetup-temp-allocator-size-background-worker=32768"
    "memorysetup-temp-allocator-size-job-worker=262144"
    "memorysetup-temp-allocator-size-preload-manager=33554432"
    "memorysetup-temp-allocator-size-nav-mesh-worker=65536"
    "memorysetup-temp-allocator-size-audio-worker=65536"
    "memorysetup-temp-allocator-size-cloud-worker=32768"
    "memorysetup-temp-allocator-size-gi-baking-worker=262144"
    "memorysetup-temp-allocator-size-gfx=262144"
Player connection [19196] Host "[IP] 192.168.0.5 [Port] 0 [Flags] 2 [Guid] 1229429019 [EditorId] 1229429019 [Version] 1048832 [Id] WindowsEditor(7,DESKTOP-CMFRFJC) [Debug] 1 [PackageName] WindowsEditor [ProjectName] Editor" joined multi-casting on [225.0.0.222:54997]...

Player connection [19196] Host "[IP] 192.168.0.5 [Port] 0 [Flags] 2 [Guid] 1229429019 [EditorId] 1229429019 [Version] 1048832 [Id] WindowsEditor(7,DESKTOP-CMFRFJC) [Debug] 1 [PackageName] WindowsEditor [ProjectName] Editor" joined alternative multi-casting on [225.0.0.222:34997]...

Refreshing native plugins compatible for Editor in 99.39 ms, found 4 plugins.
Preloading 0 native plugins for Editor in 0.00 ms.
Initialize engine version: 2021.3.16f1 (4016570cf34f)
[Subsystems] Discovering subsystems at path C:/Program Files/2021.3.16f1/Editor/Data/Resources/UnitySubsystems
[Subsystems] Discovering subsystems at path C:/Users/82108/Documents/GitHub/ClickerGameProject/ClickerGameProject/Assets
GfxDevice: creating device client; threaded=0; jobified=0
Direct3D:
    Version:  Direct3D 11.0 [level 11.1]
    Renderer: NVIDIA GeForce RTX 3070 (ID=0x2484)
    Vendor:   NVIDIA
    VRAM:     8043 MB
    Driver:   31.0.15.1694
Initialize mono
Mono path[0] = 'C:/Program Files/2021.3.16f1/Editor/Data/Managed'
Mono path[1] = 'C:/Program Files/2021.3.16f1/Editor/Data/MonoBleedingEdge/lib/mono/unityjit-win32'
Mono config path = 'C:/Program Files/2021.3.16f1/Editor/Data/MonoBleedingEdge/etc'
Using monoOptions --debugger-agent=transport=dt_socket,embedding=1,server=y,suspend=n,address=127.0.0.1:56000
Begin MonoManager ReloadAssembly
Registering precompiled unity dll's ...
Register platform support module: C:/Program Files/2021.3.16f1/Editor/Data/PlaybackEngines/WebGLSupport/UnityEditor.WebGL.Extensions.dll
Register platform support module: C:/Program Files/2021.3.16f1/Editor/Data/PlaybackEngines/AndroidPlayer/UnityEditor.Android.Extensions.dll
Register platform support module: C:/Program Files/2021.3.16f1/Editor/Data/PlaybackEngines/iOSSupport/UnityEditor.iOS.Extensions.dll
Register platform support module: C:/Program Files/2021.3.16f1/Editor/Data/PlaybackEngines/WindowsStandaloneSupport/UnityEditor.WindowsStandalone.Extensions.dll
Registered in 0.009287 seconds.
Native extension for WindowsStandalone target not found
[usbmuxd] Start listen thread
[usbmuxd] Listen thread started
Native extension for iOS target not found
Native extension for Android target not found
Native extension for WebGL target not found
Refreshing native plugins compatible for Editor in 93.52 ms, found 4 plugins.
Preloading 0 native plugins for Editor in 0.00 ms.
Mono: successfully reloaded assembly
- Completed reload, in  0.634 seconds
Domain Reload Profiling:
	ReloadAssembly (634ms)
		BeginReloadAssembly (73ms)
			ExecutionOrderSort (0ms)
			DisableScriptedObjects (0ms)
			BackupInstance (0ms)
			ReleaseScriptingObjects (0ms)
			CreateAndSetChildDomain (1ms)
		EndReloadAssembly (457ms)
			LoadAssemblies (71ms)
			RebuildTransferFunctionScriptingTraits (0ms)
			SetupTypeCache (106ms)
			ReleaseScriptCaches (0ms)
			RebuildScriptCaches (25ms)
			SetupLoadedEditorAssemblies (278ms)
				LogAssemblyErrors (0ms)
				InitializePlatformSupportModulesInManaged (63ms)
				SetLoadedEditorAssemblies (0ms)
				RefreshPlugins (94ms)
				BeforeProcessingInitializeOnLoad (1ms)
				ProcessInitializeOnLoadAttributes (80ms)
				ProcessInitializeOnLoadMethodAttributes (40ms)
				AfterProcessingInitializeOnLoad (0ms)
				EditorAssembliesLoaded (0ms)
			ExecutionOrderSort2 (0ms)
			AwakeInstancesAfterBackupRestoration (0ms)
Platform modules already initialized, skipping
Registering precompiled user dll's ...
Registered in 0.009636 seconds.
Begin MonoManager ReloadAssembly
Symbol file LoadedFromMemory doesn't match image C:\Users\82108\Documents\GitHub\ClickerGameProject\ClickerGameProject\Library\PackageCache\com.unity.visualscripting@1.7.8\Editor\VisualScripting.Core\Dependencies\YamlDotNet\Unity.VisualScripting.YamlDotNet.dll
Symbol file LoadedFromMemory doesn't match image C:\Users\82108\Documents\GitHub\ClickerGameProject\ClickerGameProject\Library\PackageCache\com.unity.visualscripting@1.7.8\Editor\VisualScripting.Core\Dependencies\DotNetZip\Unity.VisualScripting.IonicZip.dll
Native extension for WindowsStandalone target not found
Native extension for iOS target not found
Native extension for Android target not found
Native extension for WebGL target not found
Refreshing native plugins compatible for Editor in 87.93 ms, found 4 plugins.
Preloading 0 native plugins for Editor in 0.00 ms.
Mono: successfully reloaded assembly
- Completed reload, in  1.197 seconds
Domain Reload Profiling:
	ReloadAssembly (1198ms)
		BeginReloadAssembly (219ms)
			ExecutionOrderSort (0ms)
			DisableScriptedObjects (5ms)
			BackupInstance (0ms)
			ReleaseScriptingObjects (0ms)
			CreateAndSetChildDomain (131ms)
		EndReloadAssembly (870ms)
			LoadAssemblies (95ms)
			RebuildTransferFunctionScriptingTraits (0ms)
			SetupTypeCache (237ms)
			ReleaseScriptCaches (1ms)
			RebuildScriptCaches (49ms)
			SetupLoadedEditorAssemblies (453ms)
				LogAssemblyErrors (0ms)
				InitializePlatformSupportModulesInManaged (22ms)
				SetLoadedEditorAssemblies (0ms)
				RefreshPlugins (88ms)
				BeforeProcessingInitializeOnLoad (95ms)
				ProcessInitializeOnLoadAttributes (203ms)
				ProcessInitializeOnLoadMethodAttributes (35ms)
				AfterProcessingInitializeOnLoad (9ms)
				EditorAssembliesLoaded (0ms)
			ExecutionOrderSort2 (0ms)
			AwakeInstancesAfterBackupRestoration (6ms)
Platform modules already initialized, skipping
========================================================================
Worker process is ready to serve import requests
Launched and connected shader compiler UnityShaderCompiler.exe after 0.03 seconds
Refreshing native plugins compatible for Editor in 0.74 ms, found 4 plugins.
Preloading 0 native plugins for Editor in 0.00 ms.
Unloading 4045 Unused Serialized files (Serialized files now loaded: 0)
Unloading 44 unused Assets / (229.4 KB). Loaded Objects now: 4497.
Memory consumption went from 151.2 MB to 151.0 MB.
Total: 2.839100 ms (FindLiveObjects: 0.280700 ms CreateObjectMapping: 0.252600 ms MarkObjects: 2.174600 ms  DeleteObjects: 0.130700 ms)

AssetImportParameters requested are different than current active one (requested -> active):
  custom:video-decoder-ogg-theora: a1e56fd34408186e4bbccfd4996cb3dc -> 
  custom:container-muxer-webm: aa71ff27fc2769a1b78a27578f13a17b -> 
  custom:container-demuxer-webm: 4f35f7cbe854078d1ac9338744f61a02 -> 
  custom:video-encoder-webm-vp8: eb34c28f22e8b96e1ab97ce403110664 -> 
  custom:audio-encoder-webm-vorbis: bf7c407c2cedff20999df2af8eb42d56 -> 
  custom:framework-win-MediaFoundation: 216162199b28c13a410421893ffa2e32 -> 
  custom:container-demuxer-ogg: 62fdf1f143b41e24485cea50d1cbac27 -> 
  custom:video-decoder-webm-vp8: 9c59270c3fd7afecdb556c50c9e8de78 -> 
  custom:audio-decoder-ogg-vorbis: bf7c407c2cedff20999df2af8eb42d56 -> 
========================================================================
Received Import Request.
  Time since last request: 434801.382265 seconds.
  path: Assets/BayatGames/Free Platform Game Assets/Tiles/2D Tiles ( Update 1.9 )/Spring/256x256/GrassCliffRight.png
  artifactKey: Guid(646453e4dbe45ed48b872a05d8eefbd6) Importer(815301076,1909f56bfc062723c751e8b465ee728b)
Start importing Assets/BayatGames/Free Platform Game Assets/Tiles/2D Tiles ( Update 1.9 )/Spring/256x256/GrassCliffRight.png using Guid(646453e4dbe45ed48b872a05d8eefbd6) Importer(815301076,1909f56bfc062723c751e8b465ee728b)  -> (artifact id: 'c2a12e20ed816ab3e297023a24611bcc') in 0.115272 seconds 
========================================================================
Received Import Request.
  Time since last request: 0.000022 seconds.
  path: Assets/BayatGames/Free Platform Game Assets/Tiles/2D Tiles ( Update 1.9 )/Spring/256x256/GrassHillLeft2.png
  artifactKey: Guid(72f94200b0117034b90150a90daf551f) Importer(815301076,1909f56bfc062723c751e8b465ee728b)
Start importing Assets/BayatGames/Free Platform Game Assets/Tiles/2D Tiles ( Update 1.9 )/Spring/256x256/GrassHillLeft2.png using Guid(72f94200b0117034b90150a90daf551f) Importer(815301076,1909f56bfc062723c751e8b465ee728b)  -> (artifact id: '7c4ab6c4d5ab6ea03478ad8e1b61005a') in 0.046735 seconds 
========================================================================
Received Import Request.
  Time since last request: 0.000028 seconds.
  path: Assets/BayatGames/Free Platform Game Assets/Tiles/2D Tiles ( Update 1.9 )/Spring/256x256/GrassHillRight2.png
  artifactKey: Guid(9142a53b01f878444ae52a936564cbaa) Importer(815301076,1909f56bfc062723c751e8b465ee728b)
Start importing Assets/BayatGames/Free Platform Game Assets/Tiles/2D Tiles ( Update 1.9 )/Spring/256x256/GrassHillRight2.png using Guid(9142a53b01f878444ae52a936564cbaa) Importer(815301076,1909f56bfc062723c751e8b465ee728b)  -> (artifact id: '216026fc5ea436acf5feaba587d6deb6') in 0.036545 seconds 
========================================================================
Received Import Request.
  Time since last request: 11.348306 seconds.
  path: Assets/BayatGames/Free Platform Game Assets/Tiles/2.5D Tiles/Autumn ( Update 1.9 )/128x128/GrassCliffRight.png
  artifactKey: Guid(b26bf0e48adcc094fa9647a0304c7c71) Importer(815301076,1909f56bfc062723c751e8b465ee728b)
Start importing Assets/BayatGames/Free Platform Game Assets/Tiles/2.5D Tiles/Autumn ( Update 1.9 )/128x128/GrassCliffRight.png using Guid(b26bf0e48adcc094fa9647a0304c7c71) Importer(815301076,1909f56bfc062723c751e8b465ee728b)  -> (artifact id: '6efde8ed3ee044e06af3c233ac8590ce') in 0.009965 seconds 
========================================================================
Received Import Request.
  Time since last request: 0.000022 seconds.
  path: Assets/BayatGames/Free Platform Game Assets/Tiles/2.5D Tiles/Autumn ( Update 1.9 )/128x128/GrassJoinHillLeft.png
  artifactKey: Guid(cb9fc43dea989eb4d851471841e2ae1c) Importer(815301076,1909f56bfc062723c751e8b465ee728b)
Start importing Assets/BayatGames/Free Platform Game Assets/Tiles/2.5D Tiles/Autumn ( Update 1.9 )/128x128/GrassJoinHillLeft.png using Guid(cb9fc43dea989eb4d851471841e2ae1c) Importer(815301076,1909f56bfc062723c751e8b465ee728b)  -> (artifact id: '1f1664e4c0fc09e6521bf69806133243') in 0.012231 seconds 
========================================================================
Received Import Request.
  Time since last request: 0.000026 seconds.
  path: Assets/BayatGames/Free Platform Game Assets/Tiles/2.5D Tiles/Autumn ( Update 1.9 )/128x128/GrassRight.png
  artifactKey: Guid(b873e9e66b53ec64292cdafb535bcdf8) Importer(815301076,1909f56bfc062723c751e8b465ee728b)
Start importing Assets/BayatGames/Free Platform Game Assets/Tiles/2.5D Tiles/Autumn ( Update 1.9 )/128x128/GrassRight.png using Guid(b873e9e66b53ec64292cdafb535bcdf8) Importer(815301076,1909f56bfc062723c751e8b465ee728b)  -> (artifact id: '45f053bf678b4eb011f3676bbce504dc') in 0.011782 seconds 
========================================================================
Received Import Request.
  Time since last request: 0.000030 seconds.
  path: Assets/BayatGames/Free Platform Game Assets/Tiles/2.5D Tiles/Autumn ( Update 1.9 )/128x128/GrassMid.png
  artifactKey: Guid(f349720cfda3bc44ebde95ec4c681613) Importer(815301076,1909f56bfc062723c751e8b465ee728b)
Start importing Assets/BayatGames/Free Platform Game Assets/Tiles/2.5D Tiles/Autumn ( Update 1.9 )/128x128/GrassMid.png using Guid(f349720cfda3bc44ebde95ec4c681613) Importer(815301076,1909f56bfc062723c751e8b465ee728b)  -> (artifact id: '7b03c1976c369e4ce61e2a0958c4b5bc') in 0.012137 seconds 
========================================================================
Received Import Request.
  Time since last request: 0.000028 seconds.
  path: Assets/BayatGames/Free Platform Game Assets/Tiles/2.5D Tiles/Autumn ( Update 1.9 )/128x128/GrassJoinHillRight.png
  artifactKey: Guid(2ed1eaa5b54b92a4aaf65355018819b8) Importer(815301076,1909f56bfc062723c751e8b465ee728b)
Start importing Assets/BayatGames/Free Platform Game Assets/Tiles/2.5D Tiles/Autumn ( Update 1.9 )/128x128/GrassJoinHillRight.png using Guid(2ed1eaa5b54b92a4aaf65355018819b8) Importer(815301076,1909f56bfc062723c751e8b465ee728b)  -> (artifact id: '53875f8f78bb689a4280c9b6ddf6085d') in 0.012945 seconds 
========================================================================
Received Import Request.
  Time since last request: 0.000017 seconds.
  path: Assets/BayatGames/Free Platform Game Assets/Tiles/2.5D Tiles/Autumn ( Update 1.9 )/128x128/HillRight.png
  artifactKey: Guid(87cf39afd23202f4d9a176571e3d621c) Importer(815301076,1909f56bfc062723c751e8b465ee728b)
Start importing Assets/BayatGames/Free Platform Game Assets/Tiles/2.5D Tiles/Autumn ( Update 1.9 )/128x128/HillRight.png using Guid(87cf39afd23202f4d9a176571e3d621c) Importer(815301076,1909f56bfc062723c751e8b465ee728b)  -> (artifact id: '9a768749a44d6de04b1bb7153c244bcf') in 0.011817 seconds 
========================================================================
Received Import Request.
  Time since last request: 132.874328 seconds.
  path: Assets/BayatGames/Free Platform Game Assets/Backgrounds/New Background ( Update 1.9 )/png/2048x1024/backgraound/NewBackgraound 2048x1024.png
  artifactKey: Guid(05c7388edd668bf4e99a771d2331e75c) Importer(815301076,1909f56bfc062723c751e8b465ee728b)
Start importing Assets/BayatGames/Free Platform Game Assets/Backgrounds/New Background ( Update 1.9 )/png/2048x1024/backgraound/NewBackgraound 2048x1024.png using Guid(05c7388edd668bf4e99a771d2331e75c) Importer(815301076,1909f56bfc062723c751e8b465ee728b)  -> (artifact id: '077c18d300edf1a214dcb86e3a9a65f7') in 0.120138 seconds 
========================================================================
Received Import Request.
  Time since last request: 2.530874 seconds.
  path: Assets/BayatGames/Free Platform Game Assets/Backgrounds/New Background ( Update 1.9 )/png/2048x1024/all/Front.png
  artifactKey: Guid(f80b20e0fd5872140ad85fe0fe2f3724) Importer(815301076,1909f56bfc062723c751e8b465ee728b)
Start importing Assets/BayatGames/Free Platform Game Assets/Backgrounds/New Background ( Update 1.9 )/png/2048x1024/all/Front.png using Guid(f80b20e0fd5872140ad85fe0fe2f3724) Importer(815301076,1909f56bfc062723c751e8b465ee728b)  -> (artifact id: 'fd87f1aa69882ba8ddb47d118e301e7a') in 0.077059 seconds 
========================================================================
Received Import Request.
  Time since last request: 0.000016 seconds.
  path: Assets/BayatGames/Free Platform Game Assets/Backgrounds/New Background ( Update 1.9 )/png/2048x1024/all/Mid.png
  artifactKey: Guid(ecb9f102759322a4899c647542197151) Importer(815301076,1909f56bfc062723c751e8b465ee728b)
Start importing Assets/BayatGames/Free Platform Game Assets/Backgrounds/New Background ( Update 1.9 )/png/2048x1024/all/Mid.png using Guid(ecb9f102759322a4899c647542197151) Importer(815301076,1909f56bfc062723c751e8b465ee728b)  -> (artifact id: '366416b2d6acb68fd0c1fc501e1cbc08') in 0.072389 seconds 
========================================================================
Received Import Request.
  Time since last request: 4.566689 seconds.
  path: Assets/BayatGames/Free Platform Game Assets/Backgrounds/New Background ( Update 1.9 )/png/1920x1080/all/Front.png
  artifactKey: Guid(b10241ef09ea0ef4eb9f23cfa77d3266) Importer(815301076,1909f56bfc062723c751e8b465ee728b)
Start importing Assets/BayatGames/Free Platform Game Assets/Backgrounds/New Background ( Update 1.9 )/png/1920x1080/all/Front.png using Guid(b10241ef09ea0ef4eb9f23cfa77d3266) Importer(815301076,1909f56bfc062723c751e8b465ee728b)  -> (artifact id: 'ac8f1ed2eb79025a5ecb99c39790740c') in 0.112375 seconds 
========================================================================
Received Import Request.
  Time since last request: 0.000019 seconds.
  path: Assets/BayatGames/Free Platform Game Assets/Backgrounds/New Background ( Update 1.9 )/png/1920x1080/all/Mid.png
  artifactKey: Guid(6b1b548d67ce21040b08e00d8bb97f62) Importer(815301076,1909f56bfc062723c751e8b465ee728b)
Start importing Assets/BayatGames/Free Platform Game Assets/Backgrounds/New Background ( Update 1.9 )/png/1920x1080/all/Mid.png using Guid(6b1b548d67ce21040b08e00d8bb97f62) Importer(815301076,1909f56bfc062723c751e8b465ee728b)  -> (artifact id: 'b58bcaeeb73f7399dbcc9f5127c6b807') in 0.088471 seconds 
========================================================================
Received Import Request.
  Time since last request: 0.459463 seconds.
  path: Assets/BayatGames/Free Platform Game Assets/Backgrounds/New Background ( Update 1.9 )/png/1920x1080/background/NewBackgraound 1920x1080.png
  artifactKey: Guid(f7663f2a818355d43a78a0b104c72971) Importer(815301076,1909f56bfc062723c751e8b465ee728b)
Start importing Assets/BayatGames/Free Platform Game Assets/Backgrounds/New Background ( Update 1.9 )/png/1920x1080/background/NewBackgraound 1920x1080.png using Guid(f7663f2a818355d43a78a0b104c72971) Importer(815301076,1909f56bfc062723c751e8b465ee728b)  -> (artifact id: 'b7b0da2d8a986ec65c793687a9e7fc83') in 0.100320 seconds 
========================================================================
Received Import Request.
  Time since last request: 8.917999 seconds.
  path: Assets/BayatGames/Free Platform Game Assets/Backgrounds/New Background ( Update 1.7 )/png/1920x1080/All/Hills_2.png
  artifactKey: Guid(55afc4e7a9339724895f7d6841b1acac) Importer(815301076,1909f56bfc062723c751e8b465ee728b)
Start importing Assets/BayatGames/Free Platform Game Assets/Backgrounds/New Background ( Update 1.7 )/png/1920x1080/All/Hills_2.png using Guid(55afc4e7a9339724895f7d6841b1acac) Importer(815301076,1909f56bfc062723c751e8b465ee728b)  -> (artifact id: 'd4c797b9b60ed52aff095bd9dfae9c99') in 0.074115 seconds 
========================================================================
Received Import Request.
  Time since last request: 3.286229 seconds.
  path: Assets/BayatGames/Free Platform Game Assets/Backgrounds/New Background ( Update 1.7 )/png/2048x1536/All/Hills_2.png
  artifactKey: Guid(6d6b4ccfa4f877d489ed08d4d8ad19d2) Importer(815301076,1909f56bfc062723c751e8b465ee728b)
Start importing Assets/BayatGames/Free Platform Game Assets/Backgrounds/New Background ( Update 1.7 )/png/2048x1536/All/Hills_2.png using Guid(6d6b4ccfa4f877d489ed08d4d8ad19d2) Importer(815301076,1909f56bfc062723c751e8b465ee728b)  -> (artifact id: '5f48bc3d852886539f9abc9222151033') in 0.165459 seconds 
========================================================================
Received Import Request.
  Time since last request: 0.000022 seconds.
  path: Assets/BayatGames/Free Platform Game Assets/Backgrounds/New Background ( Update 1.7 )/png/2048x1536/All/Mountain.png
  artifactKey: Guid(d8d8eaa53248ca34bba279b2ebb88d0a) Importer(815301076,1909f56bfc062723c751e8b465ee728b)
Start importing Assets/BayatGames/Free Platform Game Assets/Backgrounds/New Background ( Update 1.7 )/png/2048x1536/All/Mountain.png using Guid(d8d8eaa53248ca34bba279b2ebb88d0a) Importer(815301076,1909f56bfc062723c751e8b465ee728b)  -> (artifact id: '72fc100643707fa0909485ac4d061c4c') in 0.027541 seconds 
========================================================================
Received Import Request.
  Time since last request: 6.615404 seconds.
  path: Assets/BayatGames/Free Platform Game Assets/Backgrounds/Background/png/1920x1080/All/Hills_2.png
  artifactKey: Guid(3cf48c8f262fbe04a9d13d8edaa34fee) Importer(815301076,1909f56bfc062723c751e8b465ee728b)
Start importing Assets/BayatGames/Free Platform Game Assets/Backgrounds/Background/png/1920x1080/All/Hills_2.png using Guid(3cf48c8f262fbe04a9d13d8edaa34fee) Importer(815301076,1909f56bfc062723c751e8b465ee728b)  -> (artifact id: '32bf2a8a607b7a79303c190af3cf177c') in 0.092105 seconds 
========================================================================
Received Import Request.
  Time since last request: 0.000017 seconds.
  path: Assets/BayatGames/Free Platform Game Assets/Backgrounds/Background/png/1920x1080/All/Mountain_2.png
  artifactKey: Guid(35b557e85813f0d479101c3f07f57501) Importer(815301076,1909f56bfc062723c751e8b465ee728b)
Start importing Assets/BayatGames/Free Platform Game Assets/Backgrounds/Background/png/1920x1080/All/Mountain_2.png using Guid(35b557e85813f0d479101c3f07f57501) Importer(815301076,1909f56bfc062723c751e8b465ee728b)  -> (artifact id: '7df69bd4210daa3eae4ce2c7616cb79d') in 0.032107 seconds 
========================================================================
Received Import Request.
  Time since last request: 0.000019 seconds.
  path: Assets/BayatGames/Free Platform Game Assets/Backgrounds/Background/png/1920x1080/All/Sky.png
  artifactKey: Guid(76692b579eb85b94a84a9a139e8231ec) Importer(815301076,1909f56bfc062723c751e8b465ee728b)
Start importing Assets/BayatGames/Free Platform Game Assets/Backgrounds/Background/png/1920x1080/All/Sky.png using Guid(76692b579eb85b94a84a9a139e8231ec) Importer(815301076,1909f56bfc062723c751e8b465ee728b)  -> (artifact id: '79605d48f6570d5f2a5bafb7ee10c4fa') in 0.081450 seconds 
========================================================================
Received Import Request.
  Time since last request: 5.256613 seconds.
  path: Assets/BayatGames/Free Platform Game Assets/Backgrounds/Background/png/2048x1536/All/Mountain_1.png
  artifactKey: Guid(50fa225e0edcf4047abb3588a8e87d2a) Importer(815301076,1909f56bfc062723c751e8b465ee728b)
Start importing Assets/BayatGames/Free Platform Game Assets/Backgrounds/Background/png/2048x1536/All/Mountain_1.png using Guid(50fa225e0edcf4047abb3588a8e87d2a) Importer(815301076,1909f56bfc062723c751e8b465ee728b)  -> (artifact id: 'c8911adfdc9bf457469e99abdf94d7b9') in 0.038289 seconds 
========================================================================
Received Import Request.
  Time since last request: 0.000020 seconds.
  path: Assets/BayatGames/Free Platform Game Assets/Backgrounds/Background/png/2048x1536/All/Mountain_4.png
  artifactKey: Guid(86a6fc94b9794ce45a7171d2e8b05570) Importer(815301076,1909f56bfc062723c751e8b465ee728b)
Start importing Assets/BayatGames/Free Platform Game Assets/Backgrounds/Background/png/2048x1536/All/Mountain_4.png using Guid(86a6fc94b9794ce45a7171d2e8b05570) Importer(815301076,1909f56bfc062723c751e8b465ee728b)  -> (artifact id: '8d2bda561072daac98c9986e1aeb2e3c') in 0.032719 seconds 
========================================================================
Received Import Request.
  Time since last request: 0.000016 seconds.
  path: Assets/BayatGames/Free Platform Game Assets/Backgrounds/Background/png/2048x1536/All/Sky.png
  artifactKey: Guid(12804c928b1d33543aa55b62ffd12793) Importer(815301076,1909f56bfc062723c751e8b465ee728b)
Start importing Assets/BayatGames/Free Platform Game Assets/Backgrounds/Background/png/2048x1536/All/Sky.png using Guid(12804c928b1d33543aa55b62ffd12793) Importer(815301076,1909f56bfc062723c751e8b465ee728b)  -> (artifact id: 'b47ba74573e19e0ef07ed00c83108051') in 0.111843 seconds 
========================================================================
Received Import Request.
  Time since last request: 40.664094 seconds.
  path: Assets/BayatGames/Free Platform Game Assets/Enemies/Enemies/png/64x64/Spike_Up.png
  artifactKey: Guid(9809c99ad563f144089e38062b03db98) Importer(815301076,1909f56bfc062723c751e8b465ee728b)
Start importing Assets/BayatGames/Free Platform Game Assets/Enemies/Enemies/png/64x64/Spike_Up.png using Guid(9809c99ad563f144089e38062b03db98) Importer(815301076,1909f56bfc062723c751e8b465ee728b)  -> (artifact id: '8b04e759b194ff8cd9b7257c40ee7d19') in 0.025469 seconds 
========================================================================
Received Import Request.
  Time since last request: 0.575560 seconds.
  path: Assets/BayatGames/Free Platform Game Assets/Enemies/Enemies/png/32x32/Spike_Up.png
  artifactKey: Guid(65d2be0c137e85445970ea21fdb08c8a) Importer(815301076,1909f56bfc062723c751e8b465ee728b)
Start importing Assets/BayatGames/Free Platform Game Assets/Enemies/Enemies/png/32x32/Spike_Up.png using Guid(65d2be0c137e85445970ea21fdb08c8a) Importer(815301076,1909f56bfc062723c751e8b465ee728b)  -> (artifact id: '349bb1ab0d7d81f367701f390bfb1e1a') in 0.029782 seconds 
========================================================================
Received Import Request.
  Time since last request: 0.674123 seconds.
  path: Assets/BayatGames/Free Platform Game Assets/Enemies/Enemies/png/128x128/Saw.png
  artifactKey: Guid(613b14988f467df4dbaefa49d7784a6c) Importer(815301076,1909f56bfc062723c751e8b465ee728b)
Start importing Assets/BayatGames/Free Platform Game Assets/Enemies/Enemies/png/128x128/Saw.png using Guid(613b14988f467df4dbaefa49d7784a6c) Importer(815301076,1909f56bfc062723c751e8b465ee728b)  -> (artifact id: 'bad3c61cad279f2ead19266cecc724d7') in 0.014498 seconds 
========================================================================
Received Import Request.
  Time since last request: 0.000016 seconds.
  path: Assets/BayatGames/Free Platform Game Assets/Enemies/Enemies/png/128x128/Spike_Up.png
  artifactKey: Guid(95b34bf8a34aa3543949566316d48302) Importer(815301076,1909f56bfc062723c751e8b465ee728b)
Start importing Assets/BayatGames/Free Platform Game Assets/Enemies/Enemies/png/128x128/Spike_Up.png using Guid(95b34bf8a34aa3543949566316d48302) Importer(815301076,1909f56bfc062723c751e8b465ee728b)  -> (artifact id: '94985f59efd68edd5d2a35039ec99327') in 0.026988 seconds 
========================================================================
Received Import Request.
  Time since last request: 0.627844 seconds.
  path: Assets/BayatGames/Free Platform Game Assets/Enemies/Enemies/png/512x512/Mac 512.png
  artifactKey: Guid(a79dbc4d254271a47bc835354666ed81) Importer(815301076,1909f56bfc062723c751e8b465ee728b)
Start importing Assets/BayatGames/Free Platform Game Assets/Enemies/Enemies/png/512x512/Mac 512.png using Guid(a79dbc4d254271a47bc835354666ed81) Importer(815301076,1909f56bfc062723c751e8b465ee728b)  -> (artifact id: '7171e648c7ac11cdca1a5c30587f4e65') in 0.033305 seconds 
========================================================================
Received Import Request.
  Time since last request: 7.234233 seconds.
  path: Assets/BayatGames/Free Platform Game Assets/Enemies/New Enemy ( Update 1.9 )/2x/Chain-3.png
  artifactKey: Guid(fd99831ddb26a1844a2588a3b03a9152) Importer(815301076,1909f56bfc062723c751e8b465ee728b)
Start importing Assets/BayatGames/Free Platform Game Assets/Enemies/New Enemy ( Update 1.9 )/2x/Chain-3.png using Guid(fd99831ddb26a1844a2588a3b03a9152) Importer(815301076,1909f56bfc062723c751e8b465ee728b)  -> (artifact id: '181d1a59f91dfdefd9eeaa913fb32b22') in 0.018695 seconds 
========================================================================
Received Import Request.
  Time since last request: 0.000021 seconds.
  path: Assets/BayatGames/Free Platform Game Assets/Enemies/New Enemy ( Update 1.9 )/2x/Mace.png
  artifactKey: Guid(2f893162463a6d84d998562113f9c138) Importer(815301076,1909f56bfc062723c751e8b465ee728b)
Start importing Assets/BayatGames/Free Platform Game Assets/Enemies/New Enemy ( Update 1.9 )/2x/Mace.png using Guid(2f893162463a6d84d998562113f9c138) Importer(815301076,1909f56bfc062723c751e8b465ee728b)  -> (artifact id: 'b84dda729cc4c826f92925917aac8e10') in 0.013328 seconds 
========================================================================
Received Import Request.
  Time since last request: 2.908294 seconds.
  path: Assets/BayatGames/Free Platform Game Assets/Enemies/New Enemy ( Update 1.9 )/4x/Chain-3.png
  artifactKey: Guid(23dee1bb5d9558b4092f3e9a045db37a) Importer(815301076,1909f56bfc062723c751e8b465ee728b)
Start importing Assets/BayatGames/Free Platform Game Assets/Enemies/New Enemy ( Update 1.9 )/4x/Chain-3.png using Guid(23dee1bb5d9558b4092f3e9a045db37a) Importer(815301076,1909f56bfc062723c751e8b465ee728b)  -> (artifact id: '28d381f7901388e4d91d6d431440f7f4') in 0.017231 seconds 
========================================================================
Received Import Request.
  Time since last request: 0.000016 seconds.
  path: Assets/BayatGames/Free Platform Game Assets/Enemies/New Enemy ( Update 1.9 )/4x/Square.png
  artifactKey: Guid(341fafd9c58a45d4c9d44738eb9b0047) Importer(815301076,1909f56bfc062723c751e8b465ee728b)
Start importing Assets/BayatGames/Free Platform Game Assets/Enemies/New Enemy ( Update 1.9 )/4x/Square.png using Guid(341fafd9c58a45d4c9d44738eb9b0047) Importer(815301076,1909f56bfc062723c751e8b465ee728b)  -> (artifact id: '06b2a58531ea3d75778945be5940d9d0') in 0.011563 seconds 
========================================================================
Received Import Request.
  Time since last request: 0.511432 seconds.
  path: Assets/BayatGames/Free Platform Game Assets/Enemies/New Enemy ( Update 1.9 )/2x/2D Mac View/eye-1.png
  artifactKey: Guid(5d3bb4b249de06941b76dc5cf0f9916e) Importer(815301076,1909f56bfc062723c751e8b465ee728b)
Start importing Assets/BayatGames/Free Platform Game Assets/Enemies/New Enemy ( Update 1.9 )/2x/2D Mac View/eye-1.png using Guid(5d3bb4b249de06941b76dc5cf0f9916e) Importer(815301076,1909f56bfc062723c751e8b465ee728b)  -> (artifact id: 'd943c91c6ffa2436edb056b1c69b8758') in 0.014951 seconds 
========================================================================
Received Import Request.
  Time since last request: 0.000029 seconds.
  path: Assets/BayatGames/Free Platform Game Assets/Enemies/New Enemy ( Update 1.9 )/2x/2D Mac View/eye-4.png
  artifactKey: Guid(ea1208ff98e8e6340b8d2fdfbdb6a0c9) Importer(815301076,1909f56bfc062723c751e8b465ee728b)
Start importing Assets/BayatGames/Free Platform Game Assets/Enemies/New Enemy ( Update 1.9 )/2x/2D Mac View/eye-4.png using Guid(ea1208ff98e8e6340b8d2fdfbdb6a0c9) Importer(815301076,1909f56bfc062723c751e8b465ee728b)  -> (artifact id: '0d50dc9152a8b800584ca7e3a4e3c1d1') in 0.014599 seconds 
========================================================================
Received Import Request.
  Time since last request: 3.416807 seconds.
  path: Assets/BayatGames/Free Platform Game Assets/Enemies/New Enemy ( Update 1.9 )/4x/2D Mac View/eye-1.png
  artifactKey: Guid(80e92264fb73dae4098c40eff93989d5) Importer(815301076,1909f56bfc062723c751e8b465ee728b)
Start importing Assets/BayatGames/Free Platform Game Assets/Enemies/New Enemy ( Update 1.9 )/4x/2D Mac View/eye-1.png using Guid(80e92264fb73dae4098c40eff93989d5) Importer(815301076,1909f56bfc062723c751e8b465ee728b)  -> (artifact id: 'c20d6b7d8c9dfe42f23a7e095419dc90') in 0.020673 seconds 
========================================================================
Received Import Request.
  Time since last request: 0.000031 seconds.
  path: Assets/BayatGames/Free Platform Game Assets/Enemies/New Enemy ( Update 1.9 )/4x/2D Mac View/eye-5.png
  artifactKey: Guid(3495f8d592e03fd4bb11dec2e2c626e8) Importer(815301076,1909f56bfc062723c751e8b465ee728b)
Start importing Assets/BayatGames/Free Platform Game Assets/Enemies/New Enemy ( Update 1.9 )/4x/2D Mac View/eye-5.png using Guid(3495f8d592e03fd4bb11dec2e2c626e8) Importer(815301076,1909f56bfc062723c751e8b465ee728b)  -> (artifact id: '42dcea0e61bb8de3e595f4ecb1d0abd3') in 0.023998 seconds 
========================================================================
Received Import Request.
  Time since last request: 4.904477 seconds.
  path: Assets/BayatGames/Free Platform Game Assets/Enemies/New Enemy ( Update 1.9 )/8x/2D Mace View/eye-1.png
  artifactKey: Guid(6caebaa999d0a24468d9f4f08812c5a4) Importer(815301076,1909f56bfc062723c751e8b465ee728b)
Start importing Assets/BayatGames/Free Platform Game Assets/Enemies/New Enemy ( Update 1.9 )/8x/2D Mace View/eye-1.png using Guid(6caebaa999d0a24468d9f4f08812c5a4) Importer(815301076,1909f56bfc062723c751e8b465ee728b)  -> (artifact id: '5378eb6ed37e5ee049a6ada5f42124ba') in 0.027944 seconds 
========================================================================
Received Import Request.
  Time since last request: 0.000021 seconds.
  path: Assets/BayatGames/Free Platform Game Assets/Enemies/New Enemy ( Update 1.9 )/8x/2D Mace View/eye-4.png
  artifactKey: Guid(eb66006f9b5a13f48ad4e35b4dc9c288) Importer(815301076,1909f56bfc062723c751e8b465ee728b)
Start importing Assets/BayatGames/Free Platform Game Assets/Enemies/New Enemy ( Update 1.9 )/8x/2D Mace View/eye-4.png using Guid(eb66006f9b5a13f48ad4e35b4dc9c288) Importer(815301076,1909f56bfc062723c751e8b465ee728b)  -> (artifact id: 'aa977cfdf455c368324c996f34639548') in 0.027566 seconds 
========================================================================
Received Import Request.
  Time since last request: 0.000024 seconds.
  path: Assets/BayatGames/Free Platform Game Assets/Enemies/New Enemy ( Update 1.9 )/8x/2D Mace View/eye-3.png
  artifactKey: Guid(8c4e0af11a3072949bbab252536d6761) Importer(815301076,1909f56bfc062723c751e8b465ee728b)
Start importing Assets/BayatGames/Free Platform Game Assets/Enemies/New Enemy ( Update 1.9 )/8x/2D Mace View/eye-3.png using Guid(8c4e0af11a3072949bbab252536d6761) Importer(815301076,1909f56bfc062723c751e8b465ee728b)  -> (artifact id: 'fec54bcfd88552f78bc971b474ae78f0') in 0.020802 seconds 
========================================================================
Received Import Request.
  Time since last request: 2.126422 seconds.
  path: Assets/BayatGames/Free Platform Game Assets/Enemies/New Enemy ( Update 1.9 )/8x/Chain-3.png
  artifactKey: Guid(52b14921307165146bdfebb9c31cbdde) Importer(815301076,1909f56bfc062723c751e8b465ee728b)
Start importing Assets/BayatGames/Free Platform Game Assets/Enemies/New Enemy ( Update 1.9 )/8x/Chain-3.png using Guid(52b14921307165146bdfebb9c31cbdde) Importer(815301076,1909f56bfc062723c751e8b465ee728b)  -> (artifact id: '31786fc599d82d970aad40355675b31e') in 0.023734 seconds 
========================================================================
Received Import Request.
  Time since last request: 0.000027 seconds.
  path: Assets/BayatGames/Free Platform Game Assets/Enemies/New Enemy ( Update 1.9 )/8x/Square.png
  artifactKey: Guid(a0325b0374e9ebc458051a5756fdef31) Importer(815301076,1909f56bfc062723c751e8b465ee728b)
Start importing Assets/BayatGames/Free Platform Game Assets/Enemies/New Enemy ( Update 1.9 )/8x/Square.png using Guid(a0325b0374e9ebc458051a5756fdef31) Importer(815301076,1909f56bfc062723c751e8b465ee728b)  -> (artifact id: 'eab3f05b16e37008288e98106ce8baf9') in 0.045998 seconds 
========================================================================
Received Import Request.
  Time since last request: 12.527600 seconds.
  path: Assets/BayatGames/Free Platform Game Assets/Environments/Environments/png/All/1x/Asset 3.png
  artifactKey: Guid(179847ce42cb60d479d0f6c68f21bad1) Importer(815301076,1909f56bfc062723c751e8b465ee728b)
Start importing Assets/BayatGames/Free Platform Game Assets/Environments/Environments/png/All/1x/Asset 3.png using Guid(179847ce42cb60d479d0f6c68f21bad1) Importer(815301076,1909f56bfc062723c751e8b465ee728b)  -> (artifact id: '565bdbe7e3d1dc1b08014b3704de895e') in 0.021133 seconds 
========================================================================
Received Import Request.
  Time since last request: 0.000020 seconds.
  path: Assets/BayatGames/Free Platform Game Assets/Environments/Environments/png/All/1x/Asset 11.png
  artifactKey: Guid(2dbf16468d8cb334684da868d46654af) Importer(815301076,1909f56bfc062723c751e8b465ee728b)
Start importing Assets/BayatGames/Free Platform Game Assets/Environments/Environments/png/All/1x/Asset 11.png using Guid(2dbf16468d8cb334684da868d46654af) Importer(815301076,1909f56bfc062723c751e8b465ee728b)  -> (artifact id: '5008ad7930a74dc631465de34066c42b') in 0.013597 seconds 
========================================================================
Received Import Request.
  Time since last request: 0.000027 seconds.
  path: Assets/BayatGames/Free Platform Game Assets/Environments/Environments/png/All/1x/Asset 5.png
  artifactKey: Guid(439a79f9aadd354418ff2bab60524e4e) Importer(815301076,1909f56bfc062723c751e8b465ee728b)
Start importing Assets/BayatGames/Free Platform Game Assets/Environments/Environments/png/All/1x/Asset 5.png using Guid(439a79f9aadd354418ff2bab60524e4e) Importer(815301076,1909f56bfc062723c751e8b465ee728b)  -> (artifact id: '4bca3f990ca0c146b106d6cd9066d409') in 0.022345 seconds 
========================================================================
Received Import Request.
  Time since last request: 0.000017 seconds.
  path: Assets/BayatGames/Free Platform Game Assets/Environments/Environments/png/All/1x/Asset 15.png
  artifactKey: Guid(cd9fd908e0dbdc24c84c52e7ebcefde2) Importer(815301076,1909f56bfc062723c751e8b465ee728b)
Start importing Assets/BayatGames/Free Platform Game Assets/Environments/Environments/png/All/1x/Asset 15.png using Guid(cd9fd908e0dbdc24c84c52e7ebcefde2) Importer(815301076,1909f56bfc062723c751e8b465ee728b)  -> (artifact id: 'd68e6a2bf6e1bc8ebca9486499641121') in 0.023936 seconds 
========================================================================
Received Import Request.
  Time since last request: 0.308884 seconds.
  path: Assets/BayatGames/Free Platform Game Assets/Environments/Environments/png/All/2x/Asset 3.png
  artifactKey: Guid(ac1d70707f98a4f41b0ce181c25614ab) Importer(815301076,1909f56bfc062723c751e8b465ee728b)
Start importing Assets/BayatGames/Free Platform Game Assets/Environments/Environments/png/All/2x/Asset 3.png using Guid(ac1d70707f98a4f41b0ce181c25614ab) Importer(815301076,1909f56bfc062723c751e8b465ee728b)  -> (artifact id: 'e3fe6a3a59c10f267984b308b05ec01e') in 0.030477 seconds 
========================================================================
Received Import Request.
  Time since last request: 0.000016 seconds.
  path: Assets/BayatGames/Free Platform Game Assets/Environments/Environments/png/All/2x/Asset 10.png
  artifactKey: Guid(1843a3e9b91c82b42b9ffb55ddedc4bd) Importer(815301076,1909f56bfc062723c751e8b465ee728b)
Start importing Assets/BayatGames/Free Platform Game Assets/Environments/Environments/png/All/2x/Asset 10.png using Guid(1843a3e9b91c82b42b9ffb55ddedc4bd) Importer(815301076,1909f56bfc062723c751e8b465ee728b)  -> (artifact id: '120083ce102b7e1b47b8ddd4cfbaa735') in 0.026149 seconds 
========================================================================
Received Import Request.
  Time since last request: 0.000015 seconds.
  path: Assets/BayatGames/Free Platform Game Assets/Environments/Environments/png/All/2x/Asset 11.png
  artifactKey: Guid(d671be13068d76d478c36766419a35b0) Importer(815301076,1909f56bfc062723c751e8b465ee728b)
Start importing Assets/BayatGames/Free Platform Game Assets/Environments/Environments/png/All/2x/Asset 11.png using Guid(d671be13068d76d478c36766419a35b0) Importer(815301076,1909f56bfc062723c751e8b465ee728b)  -> (artifact id: 'd789f3e397debc713d50485c02b5622e') in 0.027273 seconds 
========================================================================
Received Import Request.
  Time since last request: 0.000017 seconds.
  path: Assets/BayatGames/Free Platform Game Assets/Environments/Environments/png/All/2x/Asset 13.png
  artifactKey: Guid(a09def66ddbd2154d8527411fec4cf32) Importer(815301076,1909f56bfc062723c751e8b465ee728b)
Start importing Assets/BayatGames/Free Platform Game Assets/Environments/Environments/png/All/2x/Asset 13.png using Guid(a09def66ddbd2154d8527411fec4cf32) Importer(815301076,1909f56bfc062723c751e8b465ee728b)  -> (artifact id: '546d74b56cba7a8b7936eec379b4f9d7') in 0.038166 seconds 
========================================================================
Received Import Request.
  Time since last request: 0.317050 seconds.
  path: Assets/BayatGames/Free Platform Game Assets/Environments/Environments/png/All/4x/Asset 3.png
  artifactKey: Guid(07ff8ccef6e3b484b9f4300dc6413b83) Importer(815301076,1909f56bfc062723c751e8b465ee728b)
Start importing Assets/BayatGames/Free Platform Game Assets/Environments/Environments/png/All/4x/Asset 3.png using Guid(07ff8ccef6e3b484b9f4300dc6413b83) Importer(815301076,1909f56bfc062723c751e8b465ee728b)  -> (artifact id: 'd217a8b9e49944d3f083c149202b8f66') in 0.034093 seconds 
========================================================================
Received Import Request.
  Time since last request: 0.000013 seconds.
  path: Assets/BayatGames/Free Platform Game Assets/Environments/Environments/png/All/4x/Asset 12.png
  artifactKey: Guid(4d105fdea99ea2b4491c3f67c6416958) Importer(815301076,1909f56bfc062723c751e8b465ee728b)
Start importing Assets/BayatGames/Free Platform Game Assets/Environments/Environments/png/All/4x/Asset 12.png using Guid(4d105fdea99ea2b4491c3f67c6416958) Importer(815301076,1909f56bfc062723c751e8b465ee728b)  -> (artifact id: 'be3a17b00edcf1047e5075de09b95094') in 0.012742 seconds 
========================================================================
Received Import Request.
  Time since last request: 0.000016 seconds.
  path: Assets/BayatGames/Free Platform Game Assets/Environments/Environments/png/All/4x/Asset 15.png
  artifactKey: Guid(ec17f2142c3b7fc4c81e3432a4dbf986) Importer(815301076,1909f56bfc062723c751e8b465ee728b)
Start importing Assets/BayatGames/Free Platform Game Assets/Environments/Environments/png/All/4x/Asset 15.png using Guid(ec17f2142c3b7fc4c81e3432a4dbf986) Importer(815301076,1909f56bfc062723c751e8b465ee728b)  -> (artifact id: 'bf11e79f58c3316b8000b4f2079ef3ff') in 0.016814 seconds 
========================================================================
Received Import Request.
  Time since last request: 0.000018 seconds.
  path: Assets/BayatGames/Free Platform Game Assets/Environments/Environments/png/All/4x/Asset 6.png
  artifactKey: Guid(f19254063d103c049a1ca51a22be23ff) Importer(815301076,1909f56bfc062723c751e8b465ee728b)
Start importing Assets/BayatGames/Free Platform Game Assets/Environments/Environments/png/All/4x/Asset 6.png using Guid(f19254063d103c049a1ca51a22be23ff) Importer(815301076,1909f56bfc062723c751e8b465ee728b)  -> (artifact id: '6b010c553eed842242cf2edc9d74d65e') in 0.026445 seconds 
Editor requested this worker to shutdown with reason: Scaling down because of idle timeout
AssetImportWorker is now disconnected from the server
Process exiting
Exiting without the bug reporter. Application will terminate with return code 0